info: User logged in successfully {"timestamp":"2024-07-15T23:35:10.554Z"}
info: User logged in successfully {"timestamp":"2024-07-15T23:55:14.021Z"}
info: User found {"timestamp":"2024-07-15T23:55:53.197Z"}
info: User logged in successfully {"timestamp":"2024-07-16T00:12:16.198Z"}
info: User deleted successfully with ID: 1b206a65-55b1-4abb-ba23-6c231f854d78 {"timestamp":"2024-07-16T00:12:50.674Z"}
info: User succesfully created {"timestamp":"2024-07-16T04:40:20.615Z"}
info: User logged in successfully {"timestamp":"2024-07-16T04:42:17.549Z"}
error: The data entered is incorrect {"timestamp":"2024-07-16T04:47:52.576Z"}
info: User succesfully created {"timestamp":"2024-07-16T04:48:05.062Z"}
error: Error updating user {"timestamp":"2024-07-16T04:49:31.138Z"}
error: Error updating user {"timestamp":"2024-07-16T04:50:02.168Z"}
error: Error updating user {"timestamp":"2024-07-16T04:50:43.500Z"}
info: User has been successfully updated {"timestamp":"2024-07-16T04:51:38.939Z"}
info: User updated successfully {"timestamp":"2024-07-16T04:51:38.940Z"}
info: User has been successfully updated {"timestamp":"2024-07-16T04:51:50.755Z"}
info: User updated successfully {"timestamp":"2024-07-16T04:51:50.755Z"}
info: User succesfully created {"timestamp":"2024-07-16T04:52:49.600Z"}
info: User succesfully created {"timestamp":"2024-07-16T04:53:07.608Z"}
info: User deleted successfully with ID: 781ed916-2e9b-4a53-ba35-70095b82f3a4 {"timestamp":"2024-07-16T04:53:25.405Z"}
info: Server running on port 1909 {"timestamp":"2024-07-16T05:00:02.323Z"}
info: Server running on port 1909 {"timestamp":"2024-07-16T05:10:38.283Z"}
info: Server running on port 1909 {"timestamp":"2024-07-16T05:15:09.150Z"}
info: User succesfully created {"timestamp":"2024-07-16T05:15:13.306Z"}
info: Server running on port 1909 {"timestamp":"2024-07-16T05:18:41.013Z"}
info: User succesfully created {"timestamp":"2024-07-16T05:19:27.659Z"}
info: User succesfully created {"timestamp":"2024-07-16T05:20:26.191Z"}
info: User succesfully created {"timestamp":"2024-07-16T05:26:37.860Z"}
info: User logged in successfully {"timestamp":"2024-07-16T05:27:49.308Z"}
info: User has been successfully updated {"timestamp":"2024-07-16T05:29:40.049Z"}
info: User updated successfully {"timestamp":"2024-07-16T05:29:40.050Z"}
error: Error updating user {"timestamp":"2024-07-16T05:30:28.411Z"}
error: Error updating user {"timestamp":"2024-07-16T05:30:38.229Z"}
error: Error updating user {"timestamp":"2024-07-16T05:30:45.844Z"}
error: Error updating user {"timestamp":"2024-07-16T05:30:50.098Z"}
info: User succesfully created {"timestamp":"2024-07-16T05:32:07.063Z"}
info: User succesfully created {"timestamp":"2024-07-16T05:32:17.267Z"}
info: User has been successfully updated {"timestamp":"2024-07-16T05:32:51.389Z"}
info: User updated successfully {"timestamp":"2024-07-16T05:32:51.391Z"}
error: Error in login process {"timestamp":"2024-07-16T05:44:33.900Z"}
info: User succesfully created {"timestamp":"2024-07-16T05:44:52.489Z"}
info: User logged in successfully {"timestamp":"2024-07-16T05:45:17.565Z"}
error: Error updating user {"timestamp":"2024-07-16T05:46:04.998Z"}
error: Error updating user {"timestamp":"2024-07-16T05:47:01.918Z"}
error: Error updating user {"timestamp":"2024-07-16T05:47:07.927Z"}
error: Error updating user {"timestamp":"2024-07-16T05:47:28.749Z"}
info: User logged in successfully {"timestamp":"2024-07-16T06:10:24.142Z"}
info: User logged in successfully {"timestamp":"2024-07-16T06:10:33.666Z"}
info: User logged in successfully {"timestamp":"2024-07-16T06:12:00.094Z"}
info: User succesfully created {"timestamp":"2024-07-16T06:12:22.009Z"}
info: User succesfully created {"timestamp":"2024-07-16T06:12:42.388Z"}
info: User logged in successfully {"timestamp":"2024-07-16T06:13:18.630Z"}
error: Error updating user {"timestamp":"2024-07-16T06:14:04.040Z"}
info: User has been successfully updated {"timestamp":"2024-07-16T06:15:10.051Z"}
info: User updated successfully {"timestamp":"2024-07-16T06:15:10.052Z"}
error: Error updating user {"timestamp":"2024-07-16T06:19:35.386Z"}
info: Server running on port 1909 {"timestamp":"2024-07-16T06:20:35.429Z"}
error: Error updating user {"timestamp":"2024-07-16T06:20:41.380Z"}
error: Error updating user {"timestamp":"2024-07-16T06:20:59.285Z"}
info: Server running on port 1909 {"timestamp":"2024-07-16T06:21:09.908Z"}
error: Error updating user {"timestamp":"2024-07-16T06:21:17.230Z"}
info: User logged in successfully {"timestamp":"2024-07-16T06:29:35.115Z"}
error: Error updating user {"timestamp":"2024-07-16T06:30:31.287Z"}
info: Server running on port 1909 {"timestamp":"2024-07-16T06:31:02.437Z"}
error: Error updating user {"timestamp":"2024-07-16T06:31:17.229Z"}
info: Server running on port 1909 {"timestamp":"2024-07-16T06:33:20.360Z"}
error: Error updating user {"timestamp":"2024-07-16T06:33:26.716Z"}
info: Server running on port 1909 {"timestamp":"2024-07-16T06:39:53.329Z"}
error: Error updating user Validation error {"errors":[{"instance":{"accessToken":"eyJhbGciOiJIUzI1NiIsInR5cCI6IkpXVCJ9.eyJkYXRhIjoiMGU0MWM2YWUtZmY0YS00YzJlLTlkNGItNDA0MjgwYWFiZjUxIiwiaWF0IjoxNzIxMTExOTk4LCJleHAiOjE3MjExMTIwNTh9.Wj3R7Zsj4P-NbhwlASfmKFk9MD44L7mBt-r7--OUSIY","password":"MartiBnz12%","refreshToken":"eyJhbGciOiJIUzI1NiIsInR5cCI6IkpXVCJ9.eyJkYXRhIjoiMGU0MWM2YWUtZmY0YS00YzJlLTlkNGItNDA0MjgwYWFiZjUxIiwiaWF0IjoxNzIxMTExMzc0LCJleHAiOjE3MjExMTIyNzR9.Y5lYJXov9Di4lnElJohQUKuf9kyW1NVh4SNzGkTsG9c","userId":"0e41c6ae-ff4a-4c2e-9d4b-404280aabf51"},"message":"password must be unique","origin":"DB","path":"password","type":"unique violation","validatorArgs":[],"validatorKey":"not_unique","validatorName":null,"value":"MartiBnz12%"}],"fields":{"password":"MartiBnz12%"},"name":"SequelizeUniqueConstraintError","original":{"code":"23505","constraint":"Auths_password_key36","detail":"Key (password)=(MartiBnz12%) already exists.","file":"nbtinsert.c","length":216,"line":"664","name":"error","parameters":["MartiBnz12%","0e41c6ae-ff4a-4c2e-9d4b-404280aabf51"],"routine":"_bt_check_unique","schema":"public","severity":"ERROR","sql":"UPDATE \"Auths\" SET \"password\"=$1 WHERE \"userId\" = $2","table":"Auths"},"parent":{"code":"23505","constraint":"Auths_password_key36","detail":"Key (password)=(MartiBnz12%) already exists.","file":"nbtinsert.c","length":216,"line":"664","name":"error","parameters":["MartiBnz12%","0e41c6ae-ff4a-4c2e-9d4b-404280aabf51"],"routine":"_bt_check_unique","schema":"public","severity":"ERROR","sql":"UPDATE \"Auths\" SET \"password\"=$1 WHERE \"userId\" = $2","table":"Auths"},"sql":"UPDATE \"Auths\" SET \"password\"=$1 WHERE \"userId\" = $2","stack":"Error\n    at Query.run (C:\\Users\\tatia\\OneDrive\\Escritorio\\tp-final-ada\\node_modules\\sequelize\\src\\dialects\\postgres\\query.js:76:25)\n    at C:\\Users\\tatia\\OneDrive\\Escritorio\\tp-final-ada\\node_modules\\sequelize\\src\\sequelize.js:650:28\n    at processTicksAndRejections (node:internal/process/task_queues:95:5)\n    at async PostgresQueryInterface.update (C:\\Users\\tatia\\OneDrive\\Escritorio\\tp-final-ada\\node_modules\\sequelize\\src\\dialects\\abstract\\query-interface.js:898:12)\n    at async Auth.save (C:\\Users\\tatia\\OneDrive\\Escritorio\\tp-final-ada\\node_modules\\sequelize\\src\\model.js:4154:35)\n    at async Auth.update (C:\\Users\\tatia\\OneDrive\\Escritorio\\tp-final-ada\\node_modules\\sequelize\\src\\model.js:4343:12)\n    at async Function.updateUser (C:\\Users\\tatia\\OneDrive\\Escritorio\\tp-final-ada\\src\\model\\user.ts:84:21)\n    at async updateUser (C:\\Users\\tatia\\OneDrive\\Escritorio\\tp-final-ada\\src\\controller\\user.ts:76:28)","timestamp":"2024-07-16T06:40:00.327Z"}
info: Server running on port 1909 {"timestamp":"2024-07-16T06:41:49.909Z"}
error: Error updating user {"timestamp":"2024-07-16T06:41:59.939Z"}
info: Server running on port 1909 {"timestamp":"2024-07-16T06:42:25.498Z"}
error: Error updating user {"timestamp":"2024-07-16T06:42:32.545Z"}
info: Server running on port 5498 {"timestamp":"2024-07-16T19:17:59.862Z"}
info: User succesfully created {"timestamp":"2024-07-16T19:18:06.468Z"}
info: User logged in successfully {"timestamp":"2024-07-16T19:20:20.669Z"}
info: User updated successfully {"timestamp":"2024-07-16T19:22:09.923Z"}
info: User succesfully created {"timestamp":"2024-07-16T19:22:49.494Z"}
info: User succesfully created {"timestamp":"2024-07-16T19:23:04.209Z"}
info: User deleted successfully with ID: 6cd53dfc-1bdf-4d22-ab04-55b2ded4fd72 {"timestamp":"2024-07-16T19:23:56.951Z"}
error: Error at logout {"timestamp":"2024-07-16T19:24:24.852Z"}
error: Error at logout {"timestamp":"2024-07-16T19:25:00.704Z"}
info: Server running on port 5498 {"timestamp":"2024-07-16T19:29:11.872Z"}
error: Error at logout {"timestamp":"2024-07-16T19:29:51.670Z"}
info: Server running on port 5498 {"timestamp":"2024-07-16T19:32:19.355Z"}
info: Successful logout {"timestamp":"2024-07-16T19:32:25.546Z"}
info: User logged in successfully {"timestamp":"2024-07-16T19:39:41.814Z"}
info: Server running on port 5498 {"timestamp":"2024-07-16T19:41:02.693Z"}
info: User succesfully created {"timestamp":"2024-07-16T19:41:08.320Z"}
info: User logged in successfully {"timestamp":"2024-07-16T19:41:34.254Z"}
info: User logged in successfully {"timestamp":"2024-07-16T19:41:37.583Z"}
info: User succesfully created {"timestamp":"2024-07-16T19:43:05.698Z"}
info: User deleted successfully with email: santi@gmail.com {"timestamp":"2024-07-16T19:43:25.215Z"}
info: Successful logout {"timestamp":"2024-07-16T19:44:31.639Z"}
info: Server running on port 5498 {"timestamp":"2024-07-16T20:15:28.859Z"}
info: User succesfully created {"timestamp":"2024-07-16T20:15:33.914Z"}
info: User logged in successfully {"timestamp":"2024-07-16T20:17:35.993Z"}
info: Server running on port 5498 {"timestamp":"2024-07-16T20:33:34.164Z"}
info: User succesfully created {"timestamp":"2024-07-16T20:37:05.435Z"}
info: User succesfully created {"timestamp":"2024-07-16T20:37:12.347Z"}
info: User logged in successfully {"timestamp":"2024-07-16T20:38:14.078Z"}
error: Error updating user Validation error {"errors":[{"instance":{"accessToken":"eyJhbGciOiJIUzI1NiIsInR5cCI6IkpXVCJ9.eyJkYXRhIjoiN2VkOGIzMDEtMTMyYy00MzQzLTg4MWItYjEwMzAyZDMzMjAxIiwiaWF0IjoxNzIxMTYyMzE2LCJleHAiOjE3MjExNjIzNzZ9.KHLARhlXzJko8aARXc2PdD0hKUpD6jdAMMh83ZEnoNw","password":"Micacarro12%","refreshToken":"eyJhbGciOiJIUzI1NiIsInR5cCI6IkpXVCJ9.eyJkYXRhIjoiN2VkOGIzMDEtMTMyYy00MzQzLTg4MWItYjEwMzAyZDMzMjAxIiwiaWF0IjoxNzIxMTYyMjkzLCJleHAiOjE3MjExNjMxOTN9.wI9nSw44-m_k0U_QjPlwdibOnD_1oeBeQV_mDSyLMQM","userId":"7ed8b301-132c-4343-881b-b10302d33201"},"message":"password must be unique","origin":"DB","path":"password","type":"unique violation","validatorArgs":[],"validatorKey":"not_unique","validatorName":null,"value":"Micacarro12%"}],"fields":{"password":"Micacarro12%"},"name":"SequelizeUniqueConstraintError","original":{"code":"23505","constraint":"Auths_password_key46","detail":"Key (password)=(Micacarro12%) already exists.","file":"nbtinsert.c","length":217,"line":"664","name":"error","parameters":["Micacarro12%","7ed8b301-132c-4343-881b-b10302d33201"],"routine":"_bt_check_unique","schema":"public","severity":"ERROR","sql":"UPDATE \"Auths\" SET \"password\"=$1 WHERE \"userId\" = $2","table":"Auths"},"parent":{"code":"23505","constraint":"Auths_password_key46","detail":"Key (password)=(Micacarro12%) already exists.","file":"nbtinsert.c","length":217,"line":"664","name":"error","parameters":["Micacarro12%","7ed8b301-132c-4343-881b-b10302d33201"],"routine":"_bt_check_unique","schema":"public","severity":"ERROR","sql":"UPDATE \"Auths\" SET \"password\"=$1 WHERE \"userId\" = $2","table":"Auths"},"sql":"UPDATE \"Auths\" SET \"password\"=$1 WHERE \"userId\" = $2","stack":"Error\n    at Query.run (C:\\Users\\tatia\\OneDrive\\Escritorio\\tp-final-ada-casiterminado\\node_modules\\sequelize\\src\\dialects\\postgres\\query.js:76:25)\n    at C:\\Users\\tatia\\OneDrive\\Escritorio\\tp-final-ada-casiterminado\\node_modules\\sequelize\\src\\sequelize.js:650:28\n    at processTicksAndRejections (node:internal/process/task_queues:95:5)\n    at async PostgresQueryInterface.update (C:\\Users\\tatia\\OneDrive\\Escritorio\\tp-final-ada-casiterminado\\node_modules\\sequelize\\src\\dialects\\abstract\\query-interface.js:898:12)\n    at async Auth.save (C:\\Users\\tatia\\OneDrive\\Escritorio\\tp-final-ada-casiterminado\\node_modules\\sequelize\\src\\model.js:4154:35)\n    at async Auth.update (C:\\Users\\tatia\\OneDrive\\Escritorio\\tp-final-ada-casiterminado\\node_modules\\sequelize\\src\\model.js:4343:12)\n    at async Function.updateUser (C:\\Users\\tatia\\OneDrive\\Escritorio\\tp-final-ada-casiterminado\\src\\model\\user.ts:83:21)\n    at async updateUser (C:\\Users\\tatia\\OneDrive\\Escritorio\\tp-final-ada-casiterminado\\src\\controller\\user.ts:76:28)","timestamp":"2024-07-16T20:38:37.844Z"}
error: Error updating user Validation error {"errors":[{"instance":{"accessToken":"eyJhbGciOiJIUzI1NiIsInR5cCI6IkpXVCJ9.eyJkYXRhIjoiN2VkOGIzMDEtMTMyYy00MzQzLTg4MWItYjEwMzAyZDMzMjAxIiwiaWF0IjoxNzIxMTYyMzcwLCJleHAiOjE3MjExNjI0MzB9.vsP61dS4AhtJvXxkhOEjuajArd3dLXEZXoYa3pXnt_0","password":"Micacarro12%","refreshToken":"eyJhbGciOiJIUzI1NiIsInR5cCI6IkpXVCJ9.eyJkYXRhIjoiN2VkOGIzMDEtMTMyYy00MzQzLTg4MWItYjEwMzAyZDMzMjAxIiwiaWF0IjoxNzIxMTYyMjkzLCJleHAiOjE3MjExNjMxOTN9.wI9nSw44-m_k0U_QjPlwdibOnD_1oeBeQV_mDSyLMQM","userId":"7ed8b301-132c-4343-881b-b10302d33201"},"message":"password must be unique","origin":"DB","path":"password","type":"unique violation","validatorArgs":[],"validatorKey":"not_unique","validatorName":null,"value":"Micacarro12%"}],"fields":{"password":"Micacarro12%"},"name":"SequelizeUniqueConstraintError","original":{"code":"23505","constraint":"Auths_password_key46","detail":"Key (password)=(Micacarro12%) already exists.","file":"nbtinsert.c","length":217,"line":"664","name":"error","parameters":["Micacarro12%","7ed8b301-132c-4343-881b-b10302d33201"],"routine":"_bt_check_unique","schema":"public","severity":"ERROR","sql":"UPDATE \"Auths\" SET \"password\"=$1 WHERE \"userId\" = $2","table":"Auths"},"parent":{"code":"23505","constraint":"Auths_password_key46","detail":"Key (password)=(Micacarro12%) already exists.","file":"nbtinsert.c","length":217,"line":"664","name":"error","parameters":["Micacarro12%","7ed8b301-132c-4343-881b-b10302d33201"],"routine":"_bt_check_unique","schema":"public","severity":"ERROR","sql":"UPDATE \"Auths\" SET \"password\"=$1 WHERE \"userId\" = $2","table":"Auths"},"sql":"UPDATE \"Auths\" SET \"password\"=$1 WHERE \"userId\" = $2","stack":"Error\n    at Query.run (C:\\Users\\tatia\\OneDrive\\Escritorio\\tp-final-ada-casiterminado\\node_modules\\sequelize\\src\\dialects\\postgres\\query.js:76:25)\n    at C:\\Users\\tatia\\OneDrive\\Escritorio\\tp-final-ada-casiterminado\\node_modules\\sequelize\\src\\sequelize.js:650:28\n    at processTicksAndRejections (node:internal/process/task_queues:95:5)\n    at async PostgresQueryInterface.update (C:\\Users\\tatia\\OneDrive\\Escritorio\\tp-final-ada-casiterminado\\node_modules\\sequelize\\src\\dialects\\abstract\\query-interface.js:898:12)\n    at async Auth.save (C:\\Users\\tatia\\OneDrive\\Escritorio\\tp-final-ada-casiterminado\\node_modules\\sequelize\\src\\model.js:4154:35)\n    at async Auth.update (C:\\Users\\tatia\\OneDrive\\Escritorio\\tp-final-ada-casiterminado\\node_modules\\sequelize\\src\\model.js:4343:12)\n    at async Function.updateUser (C:\\Users\\tatia\\OneDrive\\Escritorio\\tp-final-ada-casiterminado\\src\\model\\user.ts:83:21)\n    at async updateUser (C:\\Users\\tatia\\OneDrive\\Escritorio\\tp-final-ada-casiterminado\\src\\controller\\user.ts:76:28)","timestamp":"2024-07-16T20:39:31.362Z"}
info: User logged in successfully {"timestamp":"2024-07-16T20:40:16.225Z"}
info: Server running on port 5498 {"timestamp":"2024-07-16T20:41:13.732Z"}
info: User logged in successfully {"timestamp":"2024-07-16T20:41:18.311Z"}
info: User succesfully created {"timestamp":"2024-07-16T20:43:36.382Z"}
info: User logged in successfully {"timestamp":"2024-07-16T20:44:11.548Z"}
error: Error updating user Validation error {"errors":[{"instance":{"accessToken":"eyJhbGciOiJIUzI1NiIsInR5cCI6IkpXVCJ9.eyJkYXRhIjoiMmYxOThiOWYtMWIyMy00NjEwLWE1MzgtNjFjYTg4ZDQwNjRlIiwiaWF0IjoxNzIxMTYyNjkxLCJleHAiOjE3MjExNjI3NTF9.I3KbPTPyBlVc5QAWr7PI5OIiKg96umdiSU3NQpdxTtc","password":"Micacarro12%","refreshToken":"eyJhbGciOiJIUzI1NiIsInR5cCI6IkpXVCJ9.eyJkYXRhIjoiMmYxOThiOWYtMWIyMy00NjEwLWE1MzgtNjFjYTg4ZDQwNjRlIiwiaWF0IjoxNzIxMTYyNjUxLCJleHAiOjE3MjExNjM1NTF9.ggJEAwUFPxVqwqMWLLuhqnWvGCVECYtL7aYyc2UHimY","userId":"2f198b9f-1b23-4610-a538-61ca88d4064e"},"message":"password must be unique","origin":"DB","path":"password","type":"unique violation","validatorArgs":[],"validatorKey":"not_unique","validatorName":null,"value":"Micacarro12%"}],"fields":{"password":"Micacarro12%"},"name":"SequelizeUniqueConstraintError","original":{"code":"23505","constraint":"Auths_password_key53","detail":"Key (password)=(Micacarro12%) already exists.","file":"nbtinsert.c","length":217,"line":"664","name":"error","parameters":["Micacarro12%","2f198b9f-1b23-4610-a538-61ca88d4064e"],"routine":"_bt_check_unique","schema":"public","severity":"ERROR","sql":"UPDATE \"Auths\" SET \"password\"=$1 WHERE \"userId\" = $2","table":"Auths"},"parent":{"code":"23505","constraint":"Auths_password_key53","detail":"Key (password)=(Micacarro12%) already exists.","file":"nbtinsert.c","length":217,"line":"664","name":"error","parameters":["Micacarro12%","2f198b9f-1b23-4610-a538-61ca88d4064e"],"routine":"_bt_check_unique","schema":"public","severity":"ERROR","sql":"UPDATE \"Auths\" SET \"password\"=$1 WHERE \"userId\" = $2","table":"Auths"},"sql":"UPDATE \"Auths\" SET \"password\"=$1 WHERE \"userId\" = $2","stack":"Error\n    at Query.run (C:\\Users\\tatia\\OneDrive\\Escritorio\\tp-final-ada-casiterminado\\node_modules\\sequelize\\src\\dialects\\postgres\\query.js:76:25)\n    at C:\\Users\\tatia\\OneDrive\\Escritorio\\tp-final-ada-casiterminado\\node_modules\\sequelize\\src\\sequelize.js:650:28\n    at processTicksAndRejections (node:internal/process/task_queues:95:5)\n    at async PostgresQueryInterface.update (C:\\Users\\tatia\\OneDrive\\Escritorio\\tp-final-ada-casiterminado\\node_modules\\sequelize\\src\\dialects\\abstract\\query-interface.js:898:12)\n    at async Auth.save (C:\\Users\\tatia\\OneDrive\\Escritorio\\tp-final-ada-casiterminado\\node_modules\\sequelize\\src\\model.js:4154:35)\n    at async Auth.update (C:\\Users\\tatia\\OneDrive\\Escritorio\\tp-final-ada-casiterminado\\node_modules\\sequelize\\src\\model.js:4343:12)\n    at async Function.updateUser (C:\\Users\\tatia\\OneDrive\\Escritorio\\tp-final-ada-casiterminado\\src\\model\\user.ts:83:21)\n    at async updateUser (C:\\Users\\tatia\\OneDrive\\Escritorio\\tp-final-ada-casiterminado\\src\\controller\\user.ts:76:28)","timestamp":"2024-07-16T20:44:52.520Z"}
error: Invalid credentials {"timestamp":"2024-07-16T20:45:43.350Z"}
info: User updated successfully {"timestamp":"2024-07-16T20:47:34.614Z"}
info: User updated successfully {"timestamp":"2024-07-16T20:48:24.555Z"}
